<?xml version="1.0" encoding="UTF-8"?>
<!-- Generated by org.testng.reporters.JUnitXMLReporter -->
<testsuite hostname="VishalKumar-Ja" ignored="0" name="Default test" tests="3" failures="0" timestamp="2020-05-16T22:12:11 IST" time="44.049" errors="0">
  <testcase name="verifyhomepagetitletest" time="0.01" classname="com.crm.qa.testcases.HomePageTest"/>
  <testcase name="verifyusernametest" time="1.326" classname="com.crm.qa.testcases.HomePageTest"/>
  <testcase name="verifycontactlinktest" time="1.258" classname="com.crm.qa.testcases.HomePageTest"/>
</testsuite> <!-- Default test -->
