<?xml version="1.0" encoding="UTF-8"?>
<!-- Generated by org.testng.reporters.JUnitXMLReporter -->
<testsuite hostname="VishalKumar-Ja" ignored="0" name="FreeCRM Application Test Cases" tests="5" failures="0" timestamp="2020-05-18T12:20:48 IST" time="70.036" errors="0">
  <testcase name="loginPageTitleTest" time="0.022" classname="com.crm.qa.testcases.LoginPageTest"/>
  <testcase name="logintest" time="0.322" classname="com.crm.qa.testcases.LoginPageTest"/>
  <testcase name="verifyhomepagetitletest" time="0.008" classname="com.crm.qa.testcases.HomePageTest"/>
  <testcase name="verifyusernametest" time="1.837" classname="com.crm.qa.testcases.HomePageTest"/>
  <testcase name="verifycontactlinktest" time="1.287" classname="com.crm.qa.testcases.HomePageTest"/>
</testsuite> <!-- FreeCRM Application Test Cases -->
