<?xml version="1.0" encoding="UTF-8"?>
<!-- Generated by org.testng.reporters.JUnitXMLReporter -->
<testsuite hostname="VishalKumar-Ja" ignored="0" name="FreeCRM Application Test Cases" tests="5" failures="0" timestamp="2020-05-16T22:28:26 IST" time="73.882" errors="0">
  <testcase name="loginPageTitleTest" time="0.022" classname="com.crm.qa.testcases.LoginPageTest"/>
  <testcase name="logintest" time="0.33" classname="com.crm.qa.testcases.LoginPageTest"/>
  <testcase name="verifyhomepagetitletest" time="0.01" classname="com.crm.qa.testcases.HomePageTest"/>
  <testcase name="verifyusernametest" time="2.297" classname="com.crm.qa.testcases.HomePageTest"/>
  <testcase name="verifycontactlinktest" time="1.55" classname="com.crm.qa.testcases.HomePageTest"/>
</testsuite> <!-- FreeCRM Application Test Cases -->
